0 verbose cli /usr/bin/node /usr/lib/node_modules/npm/bin/npm-cli.js
1 info using npm@11.0.0
2 info using node@v20.18.1
3 silly config load:file:/usr/lib/node_modules/npm/npmrc
4 silly config load:file:/home/ec2-user/.npmrc
5 silly config load:file:/usr/etc/npmrc
6 verbose title npm exec create-react-app frontend --force
7 verbose argv "exec" "--" "create-react-app" "frontend" "--force"
8 verbose logfile logs-max:10 dir:/home/ec2-user/.npm/_logs/2024-12-25T18_17_23_078Z-
9 verbose logfile /home/ec2-user/.npm/_logs/2024-12-25T18_17_23_078Z-debug-0.log
10 silly logfile start cleaning logs, removing 1 files
11 silly logfile done cleaning log files
12 silly packumentCache heap:510394368 maxSize:127598592 maxEntrySize:63799296
13 http fetch GET 200 https://registry.npmjs.org/create-react-app 114ms (cache updated)
14 silly packumentCache heap:510394368 maxSize:127598592 maxEntrySize:63799296
15 silly packumentCache heap:510394368 maxSize:127598592 maxEntrySize:63799296
16 verbose cwd /home/ec2-user
17 verbose os Linux 6.1.119-129.201.amzn2023.x86_64
18 verbose node v20.18.1
19 verbose npm  v11.0.0
20 verbose exit 1
21 verbose code 1
