0 verbose cli /usr/bin/node /usr/bin/npm
1 info using npm@11.0.0
2 info using node@v20.18.1
3 silly config load:file:/usr/lib/node_modules/npm/npmrc
4 silly config load:file:/home/ec2-user/frontend/.npmrc
5 silly config load:file:/home/ec2-user/.npmrc
6 silly config load:file:/usr/etc/npmrc
7 verbose title npm install @testing-library/jest-dom@^5.14.1 @testing-library/react@^13.0.0 @testing-library/user-event@^13.2.1 web-vitals@^2.1.0
8 verbose argv "install" "--no-audit" "--save" "@testing-library/jest-dom@^5.14.1" "@testing-library/react@^13.0.0" "@testing-library/user-event@^13.2.1" "web-vitals@^2.1.0"
9 verbose logfile logs-max:10 dir:/home/ec2-user/.npm/_logs/2024-12-25T18_20_39_797Z-
10 verbose logfile /home/ec2-user/.npm/_logs/2024-12-25T18_20_39_797Z-debug-0.log
11 silly logfile start cleaning logs, removing 1 files
12 silly logfile done cleaning log files
13 silly packumentCache heap:510394368 maxSize:127598592 maxEntrySize:63799296
14 silly idealTree buildDeps
15 silly fetch manifest @testing-library/jest-dom@^5.14.1
16 silly packumentCache full:https://registry.npmjs.org/@testing-library%2fjest-dom cache-miss
17 http cache https://registry.npmjs.org/@testing-library%2fjest-dom 605ms (cache hit)
18 silly packumentCache full:https://registry.npmjs.org/@testing-library%2fjest-dom set size:398704 disposed:false
19 silly fetch manifest @testing-library/react@^13.0.0
20 silly packumentCache full:https://registry.npmjs.org/@testing-library%2freact cache-miss
21 http cache https://registry.npmjs.org/@testing-library%2freact 12ms (cache hit)
22 silly packumentCache full:https://registry.npmjs.org/@testing-library%2freact set size:601482 disposed:false
23 silly fetch manifest react@^19.0.0
24 silly packumentCache full:https://registry.npmjs.org/react cache-miss
25 http fetch GET 200 https://registry.npmjs.org/react 237ms (cache updated)
26 silly packumentCache full:https://registry.npmjs.org/react set size:undefined disposed:false
27 silly fetch manifest react@^18.0.0
28 silly packumentCache full:https://registry.npmjs.org/react cache-miss
29 http cache https://registry.npmjs.org/react 43ms (cache hit)
30 silly packumentCache full:https://registry.npmjs.org/react set size:5288202 disposed:false
31 verbose stack Error: unable to resolve dependency tree
31 verbose stack     at #failPeerConflict (/usr/lib/node_modules/npm/node_modules/@npmcli/arborist/lib/arborist/build-ideal-tree.js:1363:25)
31 verbose stack     at #loadPeerSet (/usr/lib/node_modules/npm/node_modules/@npmcli/arborist/lib/arborist/build-ideal-tree.js:1329:33)
31 verbose stack     at async #buildDepStep (/usr/lib/node_modules/npm/node_modules/@npmcli/arborist/lib/arborist/build-ideal-tree.js:904:11)
31 verbose stack     at async Arborist.buildIdealTree (/usr/lib/node_modules/npm/node_modules/@npmcli/arborist/lib/arborist/build-ideal-tree.js:181:7)
31 verbose stack     at async Promise.all (index 1)
31 verbose stack     at async Arborist.reify (/usr/lib/node_modules/npm/node_modules/@npmcli/arborist/lib/arborist/reify.js:131:5)
31 verbose stack     at async Install.exec (/usr/lib/node_modules/npm/lib/commands/install.js:150:5)
31 verbose stack     at async Npm.exec (/usr/lib/node_modules/npm/lib/npm.js:207:9)
31 verbose stack     at async module.exports (/usr/lib/node_modules/npm/lib/cli/entry.js:69:5)
32 error code ERESOLVE
33 error ERESOLVE unable to resolve dependency tree
34 error
35 error While resolving: frontend@0.1.0
35 error Found: react@19.0.0[2m[22m
35 error [2mnode_modules/react[22m
35 error   react@"^19.0.0" from the root project
35 error
35 error Could not resolve dependency:
35 error [95mpeer[39m react@"^18.0.0" from @testing-library/react@13.4.0[2m[22m
35 error [2mnode_modules/@testing-library/react[22m
35 error   @testing-library/react@"^13.0.0" from the root project
35 error
35 error Fix the upstream dependency conflict, or retry
35 error this command with --force or --legacy-peer-deps
35 error to accept an incorrect (and potentially broken) dependency resolution.
36 error
36 error
36 error For a full report see:
36 error /home/ec2-user/.npm/_logs/2024-12-25T18_20_39_797Z-eresolve-report.txt
37 silly unfinished npm timer reify 1735150840888
38 silly unfinished npm timer reify:loadTrees 1735150840889
39 silly unfinished npm timer idealTree:buildDeps 1735150841772
40 silly unfinished npm timer idealTree:#root 1735150841772
41 verbose cwd /home/ec2-user/frontend
42 verbose os Linux 6.1.119-129.201.amzn2023.x86_64
43 verbose node v20.18.1
44 verbose npm  v11.0.0
45 verbose exit 1
46 verbose code 1
47 error A complete log of this run can be found in: /home/ec2-user/.npm/_logs/2024-12-25T18_20_39_797Z-debug-0.log
